SF:lib/extensions/time_of_day_extensions.dart
DA:21,1
DA:25,1
DA:26,2
DA:29,2
DA:30,2
DA:33,2
DA:34,2
DA:37,1
DA:45,1
DA:50,1
DA:56,1
DA:57,1
DA:63,1
DA:64,2
DA:71,1
DA:72,1
DA:76,1
DA:77,1
DA:85,1
DA:86,1
DA:89,4
DA:90,2
DA:91,1
DA:94,1
DA:95,1
DA:96,1
DA:107,1
DA:109,8
DA:110,1
DA:113,1
DA:119,1
DA:120,9
DA:129,1
DA:130,9
DA:140,1
DA:141,1
DA:142,1
DA:143,1
DA:144,1
DA:146,1
DA:149,1
DA:151,1
DA:153,0
DA:157,1
DA:159,1
DA:162,1
DA:170,0
DA:180,1
DA:181,4
DA:182,3
LF:50
LH:48
end_of_record
SF:lib/model/alarm_key_list.dart
DA:41,1
DA:42,2
DA:45,1
DA:47,1
DA:50,2
DA:53,1
DA:54,5
DA:57,1
DA:58,4
DA:61,1
DA:62,1
DA:63,6
DA:64,4
DA:65,1
DA:66,4
DA:69,1
DA:74,1
DA:76,3
DA:80,1
DA:82,3
LF:20
LH:20
end_of_record
SF:lib/model/meal_pillmealtime_pair.dart
DA:23,2
DA:24,2
DA:26,6
DA:30,2
DA:31,2
DA:33,4
DA:37,1
DA:38,1
DA:41,1
DA:42,3
DA:47,1
DA:48,3
DA:56,1
DA:57,1
DA:58,1
DA:62,0
DA:67,0
DA:70,2
DA:71,4
DA:72,11
DA:73,1
DA:83,3
DA:86,1
DA:87,2
DA:90,6
DA:93,6
DA:98,0
DA:100,0
DA:101,0
DA:106,0
DA:107,0
DA:109,0
DA:111,0
DA:115,1
DA:116,3
LF:35
LH:26
end_of_record
SF:lib/l10n/app_localizations.dart
DA:66,3
DA:70,1
DA:71,1
DA:816,6
DA:818,1
DA:820,2
DA:823,1
DA:824,3
DA:826,0
DA:830,1
DA:834,1
DA:835,1
DA:836,2
DA:837,0
DA:840,0
LF:15
LH:12
end_of_record
SF:lib/l10n/app_localizations_ca.dart
DA:9,0
DA:11,0
DA:14,0
DA:17,0
DA:20,0
DA:23,0
DA:26,0
DA:29,0
DA:32,0
DA:35,0
DA:38,0
DA:41,0
DA:44,0
DA:47,0
DA:50,0
DA:53,0
DA:56,0
DA:59,0
DA:62,0
DA:65,0
DA:68,0
DA:71,0
DA:74,0
DA:77,0
DA:80,0
DA:83,0
DA:86,0
DA:89,0
DA:91,0
DA:92,0
DA:95,0
DA:97,0
DA:99,0
DA:104,0
DA:106,0
DA:111,0
DA:113,0
DA:114,0
DA:115,0
DA:117,0
DA:120,0
DA:123,0
DA:126,0
DA:129,0
DA:132,0
DA:135,0
DA:138,0
DA:141,0
DA:144,0
DA:147,0
DA:150,0
DA:153,0
DA:156,0
DA:159,0
DA:162,0
DA:165,0
DA:168,0
DA:171,0
DA:174,0
DA:177,0
DA:180,0
DA:183,0
DA:186,0
DA:189,0
DA:192,0
DA:195,0
DA:198,0
DA:201,0
DA:204,0
DA:207,0
DA:210,0
DA:213,0
DA:216,0
DA:219,0
DA:222,0
DA:225,0
DA:228,0
DA:231,0
DA:234,0
DA:237,0
DA:240,0
DA:243,0
DA:246,0
DA:249,0
DA:252,0
DA:255,0
DA:258,0
DA:261,0
DA:264,0
DA:267,0
DA:270,0
DA:273,0
DA:276,0
DA:279,0
DA:282,0
DA:285,0
DA:288,0
DA:291,0
DA:294,0
DA:297,0
DA:300,0
DA:303,0
DA:306,0
DA:309,0
DA:312,0
DA:315,0
DA:318,0
DA:321,0
DA:324,0
DA:327,0
DA:330,0
DA:333,0
DA:336,0
DA:339,0
DA:342,0
DA:345,0
DA:348,0
DA:351,0
DA:354,0
DA:357,0
DA:360,0
DA:363,0
DA:366,0
DA:369,0
DA:372,0
DA:375,0
DA:378,0
DA:381,0
DA:384,0
DA:387,0
DA:390,0
DA:393,0
LF:132
LH:0
end_of_record
SF:lib/l10n/app_localizations_en.dart
DA:9,2
DA:11,0
DA:14,0
DA:17,0
DA:20,0
DA:23,0
DA:26,0
DA:29,0
DA:32,0
DA:35,0
DA:38,0
DA:41,0
DA:44,0
DA:47,0
DA:50,1
DA:53,1
DA:56,0
DA:59,0
DA:62,0
DA:65,0
DA:68,0
DA:71,0
DA:74,0
DA:77,0
DA:80,0
DA:83,0
DA:86,0
DA:89,0
DA:91,0
DA:92,0
DA:95,0
DA:97,0
DA:99,0
DA:103,0
DA:105,0
DA:106,0
DA:108,0
DA:111,0
DA:114,0
DA:117,0
DA:120,0
DA:123,0
DA:126,0
DA:129,0
DA:132,0
DA:135,0
DA:138,0
DA:141,0
DA:144,0
DA:147,0
DA:150,0
DA:153,0
DA:156,0
DA:159,0
DA:162,0
DA:165,0
DA:168,0
DA:171,0
DA:174,0
DA:177,0
DA:180,0
DA:183,0
DA:186,0
DA:189,0
DA:192,0
DA:195,0
DA:198,0
DA:201,0
DA:204,0
DA:207,0
DA:210,0
DA:213,0
DA:216,0
DA:219,0
DA:222,0
DA:225,0
DA:228,0
DA:231,0
DA:234,0
DA:237,0
DA:240,0
DA:243,0
DA:246,0
DA:249,0
DA:252,0
DA:255,0
DA:258,0
DA:261,0
DA:264,0
DA:267,0
DA:270,0
DA:273,0
DA:276,0
DA:279,0
DA:282,0
DA:285,0
DA:288,0
DA:291,0
DA:294,0
DA:297,1
DA:300,0
DA:303,0
DA:306,0
DA:309,0
DA:312,1
DA:315,0
DA:318,0
DA:321,0
DA:324,0
DA:327,0
DA:330,0
DA:333,0
DA:336,0
DA:339,0
DA:342,0
DA:345,0
DA:348,0
DA:351,0
DA:354,0
DA:357,0
DA:360,0
DA:363,0
DA:366,0
DA:369,0
DA:372,0
DA:375,0
DA:378,0
DA:381,0
DA:384,0
LF:129
LH:5
end_of_record
SF:lib/l10n/app_localizations_es.dart
DA:9,0
DA:11,0
DA:14,0
DA:17,0
DA:20,0
DA:23,0
DA:26,0
DA:29,0
DA:32,0
DA:35,0
DA:38,0
DA:41,0
DA:44,0
DA:47,0
DA:50,0
DA:53,0
DA:56,0
DA:59,0
DA:62,0
DA:65,0
DA:68,0
DA:71,0
DA:74,0
DA:77,0
DA:80,0
DA:83,0
DA:86,0
DA:89,0
DA:91,0
DA:92,0
DA:95,0
DA:97,0
DA:99,0
DA:104,0
DA:106,0
DA:111,0
DA:113,0
DA:114,0
DA:115,0
DA:117,0
DA:120,0
DA:123,0
DA:126,0
DA:129,0
DA:132,0
DA:135,0
DA:138,0
DA:141,0
DA:144,0
DA:147,0
DA:150,0
DA:153,0
DA:156,0
DA:159,0
DA:162,0
DA:165,0
DA:168,0
DA:171,0
DA:174,0
DA:177,0
DA:180,0
DA:183,0
DA:186,0
DA:189,0
DA:192,0
DA:195,0
DA:198,0
DA:201,0
DA:204,0
DA:207,0
DA:210,0
DA:213,0
DA:216,0
DA:219,0
DA:222,0
DA:225,0
DA:228,0
DA:231,0
DA:234,0
DA:237,0
DA:240,0
DA:243,0
DA:246,0
DA:249,0
DA:252,0
DA:255,0
DA:258,0
DA:261,0
DA:264,0
DA:267,0
DA:270,0
DA:273,0
DA:276,0
DA:279,0
DA:282,0
DA:285,0
DA:288,0
DA:291,0
DA:294,0
DA:297,0
DA:300,0
DA:303,0
DA:306,0
DA:309,0
DA:312,0
DA:315,0
DA:318,0
DA:321,0
DA:324,0
DA:327,0
DA:330,0
DA:333,0
DA:336,0
DA:339,0
DA:342,0
DA:345,0
DA:348,0
DA:351,0
DA:354,0
DA:357,0
DA:360,0
DA:363,0
DA:366,0
DA:369,0
DA:372,0
DA:375,0
DA:378,0
DA:381,0
DA:384,0
DA:387,0
DA:390,0
DA:393,0
LF:132
LH:0
end_of_record
SF:lib/model/enum/meal.dart
DA:51,1
DA:53,1
DA:54,1
DA:55,1
DA:56,1
DA:57,1
DA:58,1
DA:59,1
DA:60,1
DA:69,1
DA:71,1
DA:72,1
DA:73,1
DA:74,1
DA:75,1
DA:76,1
DA:77,1
DA:78,1
DA:90,0
DA:92,0
DA:93,0
DA:94,0
DA:95,0
DA:96,0
DA:97,0
DA:98,0
DA:99,0
DA:113,3
DA:115,3
DA:116,3
DA:117,2
DA:118,1
DA:119,1
DA:120,1
DA:121,1
DA:122,1
DA:123,3
DA:125,1
DA:130,1
DA:131,2
DA:138,2
DA:139,6
DA:143,1
DA:145,1
DA:146,1
DA:147,1
DA:148,1
DA:149,1
DA:150,1
DA:151,1
DA:152,1
DA:157,1
DA:159,1
DA:160,1
DA:161,1
DA:162,1
DA:163,1
DA:164,1
DA:165,1
DA:166,1
DA:174,3
DA:180,0
LF:62
LH:52
end_of_record
SF:lib/model/enum/speed_label.dart
DA:27,0
DA:29,0
DA:30,0
DA:31,0
DA:41,0
LF:5
LH:0
end_of_record
SF:lib/model/enum/pill_meal_time.dart
DA:54,0
DA:59,0
DA:60,0
DA:61,0
DA:62,0
DA:63,0
DA:69,1
DA:75,1
DA:78,1
DA:79,1
DA:80,1
DA:81,2
DA:82,0
DA:83,0
DA:86,1
DA:89,0
DA:90,0
DA:91,0
DA:92,0
DA:93,0
DA:94,0
DA:97,1
DA:100,2
DA:101,0
DA:102,0
DA:103,0
DA:104,0
DA:105,0
DA:108,0
DA:111,0
DA:112,0
DA:113,0
DA:114,0
DA:115,0
DA:116,0
DA:119,0
DA:122,0
DA:123,0
DA:124,0
DA:125,0
DA:126,0
DA:127,0
DA:130,0
DA:133,0
DA:134,0
DA:135,0
DA:136,0
DA:137,0
DA:138,0
DA:141,0
DA:144,0
DA:145,0
DA:146,0
DA:147,0
DA:148,0
DA:149,0
DA:152,0
DA:155,0
DA:156,0
DA:157,0
DA:158,0
DA:159,0
DA:175,3
DA:177,3
DA:178,3
DA:179,3
DA:180,2
DA:181,1
DA:182,2
DA:190,2
DA:191,6
DA:195,1
DA:197,1
DA:198,1
DA:199,1
DA:200,1
DA:201,1
DA:211,0
DA:212,0
DA:215,0
DA:216,0
LF:81
LH:24
end_of_record
SF:lib/extensions/date_time_extensions.dart
DA:24,1
DA:25,3
DA:29,1
DA:30,3
DA:34,1
DA:35,3
DA:39,1
DA:44,1
DA:45,1
DA:46,1
DA:50,1
DA:55,1
DA:56,1
DA:57,1
DA:61,1
DA:62,2
DA:66,1
DA:67,2
DA:73,1
DA:74,2
DA:75,3
DA:76,3
DA:77,3
DA:84,1
DA:85,4
DA:89,1
DA:90,10
DA:94,1
DA:95,5
DA:99,2
DA:101,2
DA:102,8
DA:105,4
DA:106,6
DA:107,10
DA:111,1
DA:112,5
LF:37
LH:37
end_of_record
SF:lib/model/enum/day_of_week.dart
DA:35,0
DA:38,0
DA:41,0
DA:42,0
DA:46,0
DA:47,0
DA:59,2
DA:61,2
DA:62,2
DA:63,2
DA:64,2
DA:65,2
DA:66,2
DA:67,2
DA:68,0
DA:72,0
DA:73,0
DA:77,0
DA:78,0
DA:85,0
DA:86,0
DA:92,0
DA:95,0
LF:23
LH:8
end_of_record
SF:lib/model/enum/day_of_week_bitset.dart
DA:16,2
DA:17,6
DA:26,4
DA:29,2
DA:30,2
DA:31,4
DA:36,4
DA:37,6
DA:38,4
DA:42,1
DA:43,2
DA:50,6
DA:53,2
DA:55,4
DA:56,2
DA:57,2
DA:58,2
DA:65,0
DA:66,0
DA:73,1
DA:74,1
DA:75,2
DA:83,1
DA:84,2
DA:88,1
DA:89,2
DA:93,2
DA:96,2
DA:98,2
DA:99,2
DA:100,4
DA:101,2
DA:103,2
DA:109,2
DA:110,8
DA:114,1
DA:115,4
DA:119,1
DA:120,4
DA:124,2
DA:125,8
DA:141,1
DA:144,4
DA:147,4
DA:150,1
DA:151,1
DA:155,1
DA:159,2
DA:166,0
DA:167,0
DA:174,1
DA:175,2
DA:179,2
DA:180,2
DA:182,6
DA:184,8
DA:190,2
DA:191,8
DA:196,1
DA:197,4
DA:202,1
DA:203,5
LF:62
LH:58
end_of_record
SF:lib/model/alarm.dart
DA:41,0
DA:46,0
DA:47,0
DA:55,0
DA:60,0
DA:64,0
DA:68,0
DA:73,0
DA:83,6
DA:93,2
DA:94,2
DA:104,1
DA:105,1
DA:115,1
DA:116,1
DA:120,1
DA:121,1
DA:122,1
DA:125,1
DA:126,2
DA:127,3
DA:128,3
DA:129,3
DA:130,1
DA:131,1
DA:132,1
DA:137,1
DA:139,3
DA:140,6
DA:141,1
DA:142,6
DA:150,1
DA:151,1
DA:152,1
DA:153,2
DA:154,1
DA:155,1
DA:156,1
DA:157,1
DA:158,1
DA:166,3
DA:169,3
DA:173,2
DA:176,0
DA:179,2
DA:182,0
DA:185,2
DA:188,2
DA:191,2
DA:194,0
DA:198,2
DA:201,0
DA:208,3
DA:213,1
DA:214,2
DA:215,3
DA:217,2
DA:218,1
DA:219,1
DA:223,1
DA:224,3
DA:225,1
DA:226,1
DA:230,1
DA:231,1
DA:232,1
DA:238,1
DA:239,1
DA:240,1
DA:241,1
DA:242,1
DA:243,3
DA:247,0
DA:248,0
DA:249,0
DA:251,0
DA:253,0
DA:255,0
DA:256,0
DA:257,0
DA:258,0
DA:260,0
DA:262,0
DA:264,0
LF:84
LH:60
end_of_record
SF:lib/model/general_preferences.dart
DA:42,0
DA:69,0
DA:70,0
DA:71,0
DA:74,0
DA:79,0
DA:80,0
DA:81,0
DA:83,0
DA:86,0
DA:91,0
DA:92,0
DA:93,0
DA:96,0
DA:103,0
DA:104,0
DA:105,0
DA:107,0
DA:112,0
DA:113,0
DA:114,0
DA:116,0
DA:121,0
DA:122,0
DA:123,0
DA:125,0
DA:130,0
DA:131,0
DA:132,0
DA:134,0
DA:139,0
DA:140,0
DA:141,0
DA:145,0
DA:146,0
DA:147,0
DA:151,0
DA:154,0
DA:157,0
DA:160,0
DA:163,0
DA:166,0
DA:172,0
DA:174,0
DA:175,0
DA:176,0
DA:177,0
DA:179,0
DA:180,0
DA:181,0
DA:182,0
DA:184,0
DA:185,0
DA:186,0
DA:187,0
DA:189,0
DA:190,0
DA:191,0
DA:192,0
DA:194,0
DA:195,0
DA:196,0
DA:197,0
DA:199,0
DA:200,0
DA:201,0
DA:202,0
DA:204,0
DA:205,0
DA:206,0
DA:207,0
DA:209,0
DA:210,0
DA:211,0
DA:212,0
DA:220,0
DA:221,0
DA:224,0
DA:225,0
DA:228,0
DA:229,0
DA:232,0
DA:233,0
DA:236,0
DA:239,0
DA:240,0
DA:243,0
DA:244,0
DA:247,0
DA:248,0
DA:256,0
DA:257,0
DA:258,0
DA:260,0
DA:261,0
DA:262,0
DA:268,0
DA:269,0
DA:270,0
DA:272,0
DA:273,0
DA:274,0
DA:280,0
DA:281,0
DA:282,0
DA:284,0
DA:285,0
DA:286,0
DA:292,0
DA:293,0
DA:294,0
DA:296,0
DA:297,0
DA:298,0
DA:304,0
DA:305,0
DA:306,0
DA:307,0
DA:308,0
DA:309,0
DA:315,0
DA:316,0
DA:317,0
DA:318,0
DA:319,0
DA:320,0
DA:326,0
DA:327,0
DA:328,0
DA:329,0
DA:330,0
DA:331,0
DA:337,0
DA:338,0
DA:339,0
DA:340,0
DA:341,0
DA:342,0
DA:348,0
DA:349,0
DA:350,0
DA:351,0
DA:352,0
DA:353,0
DA:359,0
DA:360,0
DA:361,0
DA:362,0
DA:363,0
DA:364,0
DA:370,0
DA:371,0
DA:372,0
DA:373,0
DA:374,0
DA:375,0
DA:381,0
DA:382,0
DA:383,0
DA:384,0
DA:385,0
DA:386,0
DA:392,0
DA:393,0
DA:394,0
DA:395,0
DA:396,0
DA:397,0
DA:403,0
DA:404,0
DA:405,0
DA:406,0
DA:407,0
DA:408,0
DA:414,0
DA:415,0
DA:416,0
DA:417,0
DA:418,0
DA:419,0
DA:425,0
DA:426,0
DA:427,0
DA:428,0
DA:429,0
DA:430,0
DA:529,0
DA:552,0
DA:563,0
DA:564,0
DA:565,0
DA:567,0
DA:578,0
DA:579,0
DA:580,0
DA:582,0
DA:593,0
DA:594,0
DA:595,0
DA:597,0
DA:604,0
DA:605,0
DA:606,0
DA:607,0
DA:609,0
DA:622,0
DA:623,0
DA:624,0
DA:625,0
DA:627,0
DA:638,0
DA:639,0
DA:640,0
DA:642,0
DA:653,0
DA:654,0
DA:655,0
DA:657,0
DA:668,0
DA:669,0
DA:670,0
DA:671,0
DA:673,0
DA:686,0
DA:687,0
DA:688,0
DA:694,0
DA:695,0
DA:696,0
DA:702,0
DA:703,0
DA:704,0
DA:710,0
DA:711,0
DA:712,0
DA:718,0
DA:719,0
DA:720,0
DA:726,0
DA:727,0
DA:728,0
DA:734,0
DA:735,0
DA:736,0
DA:742,0
DA:743,0
DA:744,0
DA:747,0
DA:748,0
DA:749,0
DA:750,0
DA:755,0
DA:756,0
DA:757,0
DA:762,0
DA:763,0
LF:256
LH:0
end_of_record
SF:lib/model/weekly_time_table.dart
DA:42,0
DA:46,0
DA:47,0
DA:50,0
DA:51,0
DA:52,0
DA:57,0
DA:61,0
DA:65,0
DA:66,0
DA:70,0
DA:71,0
DA:77,0
DA:78,0
DA:79,0
DA:80,0
DA:82,0
DA:88,0
DA:91,0
DA:92,0
DA:93,0
DA:98,0
DA:101,0
DA:102,0
DA:103,0
DA:108,0
DA:109,0
DA:110,0
DA:111,0
DA:116,0
DA:119,0
DA:120,0
DA:121,0
DA:122,0
DA:147,0
DA:148,0
DA:150,0
DA:151,0
DA:153,0
DA:156,0
DA:158,0
DA:165,0
DA:169,0
DA:170,0
DA:173,0
DA:174,0
DA:177,0
DA:178,0
DA:180,0
DA:181,0
DA:183,0
DA:184,0
DA:187,0
DA:191,0
DA:194,0
DA:195,0
DA:202,0
DA:203,0
DA:204,0
DA:205,0
DA:206,0
DA:207,0
DA:208,0
DA:209,0
DA:214,0
DA:215,0
DA:216,0
DA:217,0
DA:220,0
DA:221,0
DA:222,0
DA:225,0
DA:226,0
DA:227,0
DA:228,0
DA:229,0
DA:230,0
DA:231,0
DA:232,0
DA:233,0
DA:234,0
DA:235,0
DA:236,0
DA:242,0
DA:257,0
DA:259,0
DA:261,0
DA:262,0
DA:264,0
DA:267,0
DA:268,0
DA:269,0
DA:270,0
DA:271,0
DA:272,0
DA:274,0
DA:277,0
DA:286,0
DA:294,0
DA:295,0
DA:299,0
DA:300,0
DA:301,0
DA:302,0
DA:308,0
DA:309,0
DA:310,0
DA:311,0
DA:318,0
DA:323,0
DA:324,0
DA:326,0
DA:334,0
DA:335,0
DA:336,0
DA:337,0
DA:339,0
DA:340,0
DA:342,0
DA:343,0
DA:349,0
DA:350,0
DA:351,0
DA:354,0
DA:361,0
DA:363,0
DA:365,0
DA:367,0
DA:368,0
DA:370,0
DA:371,0
DA:372,0
DA:374,0
DA:375,0
DA:379,0
DA:380,0
DA:396,0
DA:400,0
DA:406,0
DA:407,0
DA:412,0
DA:416,0
DA:417,0
DA:422,0
DA:424,0
DA:426,0
DA:433,0
DA:435,0
DA:437,0
DA:442,0
DA:444,0
DA:446,0
DA:453,0
DA:455,0
DA:456,0
DA:457,0
DA:458,0
DA:464,0
DA:466,0
DA:467,0
DA:468,0
DA:469,0
DA:474,0
DA:475,0
DA:476,0
DA:478,0
DA:484,0
DA:488,0
DA:489,0
DA:491,0
DA:495,0
DA:498,0
DA:499,0
DA:502,0
DA:503,0
DA:504,0
DA:506,0
DA:508,0
DA:509,0
DA:512,0
DA:513,0
DA:515,0
DA:516,0
DA:518,0
DA:521,0
DA:522,0
DA:523,0
DA:535,0
DA:536,0
DA:539,0
DA:540,0
DA:541,0
DA:543,0
DA:549,0
DA:550,0
DA:551,0
DA:553,0
DA:564,0
DA:566,0
DA:568,0
DA:573,0
DA:574,0
DA:575,0
DA:576,0
DA:577,0
DA:578,0
DA:579,0
DA:580,0
DA:581,0
DA:585,0
DA:586,0
DA:587,0
DA:588,0
DA:589,0
DA:590,0
DA:591,0
DA:592,0
DA:596,0
DA:597,0
DA:604,0
DA:605,0
DA:612,0
DA:618,0
DA:619,0
DA:622,0
DA:623,0
DA:625,0
DA:626,0
DA:628,0
DA:633,0
DA:634,0
DA:635,0
DA:636,0
DA:638,0
DA:640,0
DA:641,0
DA:643,0
DA:645,0
DA:647,0
DA:655,0
DA:656,0
DA:657,0
DA:660,0
DA:661,0
DA:662,0
DA:669,0
DA:670,0
DA:671,0
DA:674,0
DA:675,0
DA:677,0
DA:678,0
DA:680,0
DA:685,0
DA:686,0
DA:688,0
DA:689,0
DA:691,0
DA:693,0
DA:695,0
DA:702,0
DA:703,0
DA:704,0
DA:707,0
DA:708,0
DA:709,0
DA:716,0
DA:722,0
DA:723,0
DA:726,0
DA:730,0
DA:731,0
DA:733,0
DA:734,0
DA:736,0
DA:737,0
DA:739,0
DA:741,0
DA:743,0
DA:750,0
DA:751,0
DA:752,0
DA:754,0
DA:755,0
DA:757,0
DA:758,0
DA:760,0
DA:762,0
DA:764,0
DA:772,0
DA:773,0
DA:774,0
DA:777,0
DA:781,0
DA:788,0
DA:794,0
DA:795,0
DA:796,0
DA:797,0
DA:801,0
DA:802,0
DA:804,0
DA:805,0
DA:807,0
DA:808,0
DA:810,0
DA:812,0
DA:814,0
DA:821,0
DA:822,0
DA:823,0
DA:825,0
DA:826,0
DA:828,0
DA:829,0
DA:831,0
DA:833,0
DA:835,0
DA:843,0
DA:844,0
DA:845,0
DA:848,0
DA:852,0
DA:858,0
DA:865,0
DA:867,0
DA:868,0
DA:869,0
DA:872,0
DA:873,0
DA:874,0
DA:880,0
DA:883,0
DA:884,0
DA:885,0
DA:888,0
DA:889,0
DA:890,0
DA:892,0
DA:893,0
DA:895,0
DA:897,0
DA:902,0
DA:907,0
DA:908,0
DA:909,0
DA:911,0
DA:912,0
DA:914,0
DA:915,0
LF:350
LH:0
end_of_record
SF:lib/model/day_of_week_partitions.dart
DA:23,1
DA:24,1
DA:25,3
DA:30,1
DA:31,2
DA:32,2
DA:34,2
DA:35,1
DA:38,2
DA:39,2
DA:40,2
DA:41,1
DA:42,3
DA:44,2
DA:56,3
DA:60,1
DA:61,3
DA:63,1
DA:65,3
DA:66,2
DA:67,2
DA:68,2
DA:73,0
DA:75,0
DA:76,0
DA:77,0
DA:78,0
DA:80,0
DA:81,0
DA:87,1
DA:89,3
DA:90,3
DA:96,0
DA:98,0
DA:99,0
DA:105,0
DA:107,0
DA:108,0
DA:114,1
DA:116,3
DA:117,3
DA:123,1
DA:124,1
DA:125,3
DA:126,3
DA:128,1
DA:132,1
DA:133,3
DA:134,2
DA:145,1
DA:146,3
DA:147,3
DA:148,1
DA:149,2
DA:151,2
DA:152,3
DA:155,0
DA:162,1
DA:163,1
DA:164,2
DA:166,1
DA:167,3
DA:171,1
DA:172,2
DA:177,1
DA:178,3
DA:179,3
DA:180,4
DA:183,0
DA:188,1
DA:189,2
DA:190,2
DA:191,3
DA:192,1
DA:193,3
DA:195,3
DA:199,0
DA:201,0
LF:78
LH:61
end_of_record
SF:lib/widgets/alarm_list.dart
DA:27,1
DA:35,1
DA:37,1
DA:38,1
DA:39,1
DA:40,1
DA:43,1
DA:44,1
DA:45,1
DA:46,2
DA:47,1
DA:49,1
DA:52,1
DA:53,1
DA:54,1
DA:56,1
DA:58,1
DA:59,1
DA:60,1
DA:61,3
DA:65,1
DA:66,1
DA:67,5
DA:69,1
DA:77,1
DA:78,1
DA:79,1
DA:80,1
DA:82,1
DA:83,1
DA:84,1
DA:85,1
DA:86,1
DA:87,1
DA:88,1
DA:89,1
DA:91,1
DA:93,2
DA:95,2
DA:99,1
DA:100,1
DA:101,1
DA:102,1
DA:103,1
DA:104,1
DA:105,1
DA:107,1
DA:109,2
DA:110,1
DA:111,1
DA:114,2
LF:51
LH:51
end_of_record
SF:lib/styles/app_styles.dart
DA:8,0
DA:9,0
DA:10,0
DA:13,0
DA:16,0
DA:17,0
DA:18,0
DA:22,3
DA:23,1
DA:24,1
DA:25,1
DA:31,2
DA:34,1
DA:36,1
DA:37,0
DA:39,1
DA:45,0
DA:46,0
DA:49,0
DA:51,0
DA:52,0
DA:54,0
DA:60,0
DA:61,0
DA:149,0
DA:151,0
DA:157,0
DA:166,0
DA:172,0
DA:181,0
DA:187,0
DA:196,0
DA:203,0
DA:213,0
DA:219,0
DA:228,0
DA:234,0
DA:243,0
DA:249,0
DA:343,0
DA:344,0
DA:345,0
DA:352,0
DA:353,0
DA:354,0
DA:362,0
DA:363,0
DA:369,0
DA:371,0
DA:372,0
DA:373,0
DA:374,0
LF:52
LH:8
end_of_record
